
> @elizaos/plugin-tee@0.1.9 build /Users/gdesign/developer-projects/laborales/upstreet/eliza-last/eliza/packages/plugin-tee
> tsup --format esm --dts

CLI Building entry: src/index.ts
CLI Using tsconfig: tsconfig.json
CLI tsup v8.3.5
CLI Using tsup config: /Users/gdesign/developer-projects/laborales/upstreet/eliza-last/eliza/packages/plugin-tee/tsup.config.ts
CLI Target: esnext
CLI Cleaning output folder
ESM Build start
ESM dist/index.js                  50.74 KB
ESM dist/secp256k1-QUTB2QC2.js     237.00 B
ESM dist/ccip-MMGH6DXX.js          290.00 B
ESM dist/_esm-L4OBJJWB.js          130.56 KB
ESM dist/chunk-NTU6R7BC.js         131.39 KB
ESM dist/chunk-PR4QN5HX.js         1.87 KB
ESM dist/chunk-4L6P6TY5.js         80.02 KB
ESM dist/chunk-PR4QN5HX.js.map     71.00 B
ESM dist/chunk-NTU6R7BC.js.map     387.13 KB
ESM dist/chunk-4L6P6TY5.js.map     202.99 KB
ESM dist/index.js.map              141.36 KB
ESM dist/secp256k1-QUTB2QC2.js.map 71.00 B
ESM dist/ccip-MMGH6DXX.js.map      71.00 B
ESM dist/_esm-L4OBJJWB.js.map      211.08 KB
ESM ⚡️ Build success in 491ms
DTS Build start
DTS ⚡️ Build success in 4647ms
DTS dist/index.d.ts 2.57 KB
